DatesDifference changes log

Version 2.3:
• App got the scalable icon and the digital signature (only self-signed for now);
• Applied some updates for core assemblies

Version 2.2.17:
• Updated internal mechanism of checking for updates (applied compatibility with new GitHub theme)

Version 2.2.15:
• Added the registry access checker: it will show recommended actions for the executable file
  when Windows doesn’t allow saving settings;
• Applied new elements in user interface;
• AboutForm and HardWorkExecutor universal classes have been upgraded and improved

Version 2.2.2:
• Updated link for ADP

Version 2.2.1:
• Updated link and text presenter for ADP;
• Applied fixed icons

Version 2.2:
• New identity applied;
• New links to RD AAOW FDL added;
• Added direct lab link

Version 2.1:
• Added ability to “ask developer” via E-mail for help, or send wish, advice or bug report

Version 2.0:
• C# re-creation of Dates difference;
• Fixed bug in Policy acception interface that disallowed to accept it in offline mode at first start

Version 1.6:
• Old stable assembly on VB6, released on GitHub
